Using pre-set license
Built from '2020.3/staging' branch; Version is '2020.3.19f1 (68f137dc9bbe) revision 6877495'; Using compiler version '192528614'; Build Type 'Release'
OS: 'Windows 10 Pro; OS build 22621.1992; Version 2009; 64bit' Language: 'en' Physical Memory: 65321 MB
BatchMode: 1, IsHumanControllingUs: 0, StartBugReporterOnCrash: 0, Is64bit: 1, IsPro: 0

COMMAND LINE ARGUMENTS:
C:\Program Files\Unity\Editor\Unity.exe
-adb2
-batchMode
-noUpm
-name
AssetImportWorker0
-projectPath
C:/STUDENTS/Hamd/Final Builds/backup/With Haptics
-logFile
Logs/AssetImportWorker0.log
-srvPort
49843
Successfully changed project path to: C:/STUDENTS/Hamd/Final Builds/backup/With Haptics
C:/STUDENTS/Hamd/Final Builds/backup/With Haptics
Using Asset Import Pipeline V2.
Refreshing native plugins compatible for Editor in 88.75 ms, found 9 plugins.
Preloading 0 native plugins for Editor in 0.00 ms.
Initialize engine version: 2020.3.19f1 (68f137dc9bbe)
[Subsystems] Discovering subsystems at path C:/Program Files/Unity/Editor/Data/Resources/UnitySubsystems
[Subsystems] Discovering subsystems at path C:/STUDENTS/Hamd/Final Builds/backup/With Haptics/Assets
GfxDevice: creating device client; threaded=0
Direct3D:
    Version:  Direct3D 11.0 [level 11.1]
    Renderer: NVIDIA GeForce RTX 3090 Ti (ID=0x2203)
    Vendor:   
    VRAM:     24327 MB
    Driver:   31.0.15.3141
Initialize mono
Mono path[0] = 'C:/Program Files/Unity/Editor/Data/Managed'
Mono path[1] = 'C:/Program Files/Unity/Editor/Data/MonoBleedingEdge/lib/mono/unityjit'
Mono config path = 'C:/Program Files/Unity/Editor/Data/MonoBleedingEdge/etc'
Using monoOptions --debugger-agent=transport=dt_socket,embedding=1,server=y,suspend=n,address=127.0.0.1:56944
Begin MonoManager ReloadAssembly
Registering precompiled unity dll's ...
Register platform support module: C:/Program Files/Unity/Editor/Data/PlaybackEngines/WindowsStandaloneSupport/UnityEditor.WindowsStandalone.Extensions.dll
Registered in 0.001994 seconds.
Native extension for WindowsStandalone target not found
Refreshing native plugins compatible for Editor in 63.49 ms, found 9 plugins.
Preloading 0 native plugins for Editor in 0.00 ms.
Mono: successfully reloaded assembly
- Completed reload, in  0.615 seconds
Domain Reload Profiling:
	ReloadAssembly (615ms)
		BeginReloadAssembly (53ms)
			ExecutionOrderSort (0ms)
			DisableScriptedObjects (0ms)
			BackupInstance (0ms)
			ReleaseScriptingObjects (0ms)
			CreateAndSetChildDomain (0ms)
		EndReloadAssembly (280ms)
			LoadAssemblies (53ms)
			RebuildTransferFunctionScriptingTraits (0ms)
			SetupTypeCache (80ms)
			ReleaseScriptCaches (0ms)
			RebuildScriptCaches (15ms)
			SetupLoadedEditorAssemblies (141ms)
				LogAssemblyErrors (0ms)
				InitializePlatformSupportModulesInManaged (5ms)
				SetLoadedEditorAssemblies (0ms)
				RefreshPlugins (64ms)
				BeforeProcessingInitializeOnLoad (10ms)
				ProcessInitializeOnLoadAttributes (45ms)
				ProcessInitializeOnLoadMethodAttributes (16ms)
				AfterProcessingInitializeOnLoad (0ms)
				EditorAssembliesLoaded (0ms)
			ExecutionOrderSort2 (0ms)
			AwakeInstancesAfterBackupRestoration (0ms)
Platform modules already initialized, skipping
Registering precompiled user dll's ...
Registered in 0.013591 seconds.
Begin MonoManager ReloadAssembly
Native extension for WindowsStandalone target not found
Refreshing native plugins compatible for Editor in 62.17 ms, found 9 plugins.
Preloading 0 native plugins for Editor in 0.00 ms.
Mono: successfully reloaded assembly
- Completed reload, in  0.879 seconds
Domain Reload Profiling:
	ReloadAssembly (880ms)
		BeginReloadAssembly (102ms)
			ExecutionOrderSort (0ms)
			DisableScriptedObjects (2ms)
			BackupInstance (0ms)
			ReleaseScriptingObjects (0ms)
			CreateAndSetChildDomain (12ms)
		EndReloadAssembly (741ms)
			LoadAssemblies (127ms)
			RebuildTransferFunctionScriptingTraits (0ms)
			SetupTypeCache (214ms)
			ReleaseScriptCaches (0ms)
			RebuildScriptCaches (46ms)
			SetupLoadedEditorAssemblies (298ms)
				LogAssemblyErrors (0ms)
				InitializePlatformSupportModulesInManaged (2ms)
				SetLoadedEditorAssemblies (0ms)
				RefreshPlugins (62ms)
				BeforeProcessingInitializeOnLoad (66ms)
				ProcessInitializeOnLoadAttributes (133ms)
				ProcessInitializeOnLoadMethodAttributes (31ms)
				AfterProcessingInitializeOnLoad (3ms)
				EditorAssembliesLoaded (0ms)
			ExecutionOrderSort2 (0ms)
			AwakeInstancesAfterBackupRestoration (4ms)
Platform modules already initialized, skipping
========================================================================
Worker process is ready to serve import requests
Launched and connected shader compiler UnityShaderCompiler.exe after 0.04 seconds
Refreshing native plugins compatible for Editor in 0.90 ms, found 9 plugins.
Preloading 0 native plugins for Editor in 0.00 ms.
Unloading 4320 Unused Serialized files (Serialized files now loaded: 0)
System memory in use before: 264.1 MB.
System memory in use after: 264.0 MB.

Unloading 78 unused Assets to reduce memory usage. Loaded Objects now: 4753.
Total: 4.527200 ms (FindLiveObjects: 0.224100 ms CreateObjectMapping: 0.094700 ms MarkObjects: 4.049600 ms  DeleteObjects: 0.157800 ms)

AssetImportParameters requested are different than current active one (requested -> active):
  custom:framework-win-MediaFoundation: 216162199b28c13a410421893ffa2e32 -> 
  custom:video-decoder-ogg-theora: a1e56fd34408186e4bbccfd4996cb3dc -> 
  custom:container-muxer-webm: aa71ff27fc2769a1b78a27578f13a17b -> 
  custom:container-demuxer-webm: 4f35f7cbe854078d1ac9338744f61a02 -> 
  custom:container-demuxer-ogg: 62fdf1f143b41e24485cea50d1cbac27 -> 
  custom:video-encoder-webm-vp8: eb34c28f22e8b96e1ab97ce403110664 -> 
  custom:video-codec-MediaFoundation-h265: 746d11721c4dcdbdad8f713fa42b33f4 -> 
  custom:video-decoder-webm-vp8: 9c59270c3fd7afecdb556c50c9e8de78 -> 
  custom:audio-decoder-ogg-vorbis: bf7c407c2cedff20999df2af8eb42d56 -> 
  custom:audio-encoder-webm-vorbis: bf7c407c2cedff20999df2af8eb42d56 -> 
========================================================================
Received Import Request.
  path: Assets/SenseGlove/Haptics/MaterialProps/Tomatoes 1.asset
  artifactKey: Guid(56c82fc9b5e2ac94b981e97d12c15e84) Importer(815301076,1909f56bfc062723c751e8b465ee728b)
Start importing Assets/SenseGlove/Haptics/MaterialProps/Tomatoes 1.asset using Guid(56c82fc9b5e2ac94b981e97d12c15e84) Importer(815301076,1909f56bfc062723c751e8b465ee728b)  -> (artifact id: '8ba30717cbded760d14b51969576e484') in 0.026840 seconds 
  Import took 0.032105 seconds .

========================================================================
Received Import Request.
  Time since last request: 7.845373 seconds.
  path: Assets/SenseGlove/Haptics/MaterialProps/Grapes.asset
  artifactKey: Guid(56c82fc9b5e2ac94b981e97d12c15e84) Importer(815301076,1909f56bfc062723c751e8b465ee728b)
Start importing Assets/SenseGlove/Haptics/MaterialProps/Grapes.asset using Guid(56c82fc9b5e2ac94b981e97d12c15e84) Importer(815301076,1909f56bfc062723c751e8b465ee728b)  -> (artifact id: '9476ce1594f9b4b36c090cb90fdcb339') in 0.005633 seconds 
  Import took 0.011774 seconds .

========================================================================
Received Import Request.
  Time since last request: 23.165012 seconds.
  path: Assets/SenseGlove/Haptics/MaterialProps/Grapes.asset
  artifactKey: Guid(56c82fc9b5e2ac94b981e97d12c15e84) Importer(815301076,1909f56bfc062723c751e8b465ee728b)
Start importing Assets/SenseGlove/Haptics/MaterialProps/Grapes.asset using Guid(56c82fc9b5e2ac94b981e97d12c15e84) Importer(815301076,1909f56bfc062723c751e8b465ee728b)  -> (artifact id: '9d71c9550c74ce159dce4796fc0b0236') in 0.004463 seconds 
  Import took 0.009696 seconds .

========================================================================
Received Import Request.
  Time since last request: 0.000181 seconds.
  path: Assets/SenseGlove/Haptics/MaterialProps/Tomatoes 1.asset
  artifactKey: Guid(96848a7751748fa42b9753bb6196b630) Importer(815301076,1909f56bfc062723c751e8b465ee728b)
Start importing Assets/SenseGlove/Haptics/MaterialProps/Tomatoes 1.asset using Guid(96848a7751748fa42b9753bb6196b630) Importer(815301076,1909f56bfc062723c751e8b465ee728b)  -> (artifact id: 'f0d5f4c43deb739455d357605db18b14') in 0.003640 seconds 
  Import took 0.008388 seconds .

========================================================================
Received Import Request.
  Time since last request: 10.865308 seconds.
  path: Assets/SenseGlove/Haptics/MaterialProps/Pumpkin.asset
  artifactKey: Guid(96848a7751748fa42b9753bb6196b630) Importer(815301076,1909f56bfc062723c751e8b465ee728b)
Start importing Assets/SenseGlove/Haptics/MaterialProps/Pumpkin.asset using Guid(96848a7751748fa42b9753bb6196b630) Importer(815301076,1909f56bfc062723c751e8b465ee728b)  -> (artifact id: 'e32282d8dc43c4de3ba711a1f39a52a5') in 0.005591 seconds 
  Import took 0.010967 seconds .

========================================================================
Received Import Request.
  Time since last request: 5.392889 seconds.
  path: Assets/SenseGlove/Haptics/MaterialProps/Tomatoes 1.asset
  artifactKey: Guid(89694e1ef2f03b94dbb12c4f8725cdfa) Importer(815301076,1909f56bfc062723c751e8b465ee728b)
Start importing Assets/SenseGlove/Haptics/MaterialProps/Tomatoes 1.asset using Guid(89694e1ef2f03b94dbb12c4f8725cdfa) Importer(815301076,1909f56bfc062723c751e8b465ee728b)  -> (artifact id: '721a07b148bf1c85161d9ea14b4b549e') in 0.004018 seconds 
  Import took 0.008353 seconds .

========================================================================
Received Import Request.
  Time since last request: 6.839443 seconds.
  path: Assets/SenseGlove/Haptics/MaterialProps/Pot.asset
  artifactKey: Guid(89694e1ef2f03b94dbb12c4f8725cdfa) Importer(815301076,1909f56bfc062723c751e8b465ee728b)
Start importing Assets/SenseGlove/Haptics/MaterialProps/Pot.asset using Guid(89694e1ef2f03b94dbb12c4f8725cdfa) Importer(815301076,1909f56bfc062723c751e8b465ee728b)  -> (artifact id: '512c4935e2d07c064df9c2c87943ce14') in 0.004246 seconds 
  Import took 0.008587 seconds .

========================================================================
Received Import Request.
  Time since last request: 172.597020 seconds.
  path: Assets/SenseGlove/Haptics/MaterialProps/Pot.asset
  artifactKey: Guid(89694e1ef2f03b94dbb12c4f8725cdfa) Importer(815301076,1909f56bfc062723c751e8b465ee728b)
Start importing Assets/SenseGlove/Haptics/MaterialProps/Pot.asset using Guid(89694e1ef2f03b94dbb12c4f8725cdfa) Importer(815301076,1909f56bfc062723c751e8b465ee728b)  -> (artifact id: '65e4029e54c324a98bf5b0f15ee22820') in 0.004166 seconds 
  Import took 0.010073 seconds .

========================================================================
Received Import Request.
  Time since last request: 0.000173 seconds.
  path: Assets/SenseGlove/Haptics/MaterialProps/Pumpkin.asset
  artifactKey: Guid(96848a7751748fa42b9753bb6196b630) Importer(815301076,1909f56bfc062723c751e8b465ee728b)
Start importing Assets/SenseGlove/Haptics/MaterialProps/Pumpkin.asset using Guid(96848a7751748fa42b9753bb6196b630) Importer(815301076,1909f56bfc062723c751e8b465ee728b)  -> (artifact id: '2ebcbeda86b73b6d4ab5e4724f18754b') in 0.004392 seconds 
  Import took 0.009217 seconds .

AssetImportWorkerClient::OnTransportError - code=2 error=End of file
